<?xml version="1.0" encoding="UTF-8"?>
<!-- Generated by org.testng.reporters.JUnitReportReporter -->
<testsuite hostname="DESKTOP-UTUS8LM" failures="0" tests="5" name="tests.PostApiTests" time="5.681" errors="0" timestamp="2025-06-01T22:09:10 EEST" skipped="0">
  <testcase classname="tests.PostApiTests" name="createPost_shouldReturn201_andValidResponse" time="3.603"/>
  <testcase classname="tests.PostApiTests" name="createInvalidPost_shouldReturn201" time="0.552"/>
  <testcase classname="tests.PostApiTests" name="getAllPosts_shouldReturn200_andValidateCount" time="0.977"/>
  <testcase classname="tests.PostApiTests" name="getSpecificPostById_shouldReturn200_andCorrectPost" time="0.286"/>
  <testcase classname="tests.PostApiTests" name="getPostWithInvalidId_shouldReturn404_orEmptyObject" time="0.263"/>
</testsuite> <!-- tests.PostApiTests -->
